<?xml version="1.0" encoding="UTF-8"?>
<!-- Generated by org.testng.reporters.JUnitXMLReporter -->
<testsuite ignored="2" hostname="DESKTOP-BLC2PF7" failures="0" tests="1" name="Test(failed)(failed)" time="0.089" errors="0" timestamp="2023-01-19T15:26:53 IST">
  <testcase classname="testNg.Demo" name="demo2" time="0.013"/>
  <testcase classname="testNg.Demo" name="demo1" time="0.0">
    <ignored/>
  </testcase> <!-- demo1 -->
  <testcase classname="testNg.Demo" name="demo" time="0.0">
    <ignored/>
  </testcase> <!-- demo -->
</testsuite> <!-- Test(failed)(failed) -->
